(C,D,((O,(E,#H7:::0.2321667195572249):0.40655870487080714):0.7083042224722244,(B,(A)#H7:::0.7678332804427751):10.0):10.0);
(C,D,((B,(A,#H7:9.892577202482824::0.11665493805886627):10.0):10.0,((O,E):0.435587525156129)#H7:0.17193616611414575::0.8833450619411337):9.95053465816285);
(C,D,((O,(E,#H7:::0.19558839012818185):0.31352433304125926):0.6640664435018641,(B,(A)#H7:::0.8044116098718181):10.0):10.0);
(C,D,((O,(E,#H7:::0.1955883903824113):0.313524366220726):0.6640664368936309,(B,(A)#H7:::0.8044116096175887):10.0):10.0);
(D,C,((B,(A,#H7:0.0::0.13415559781660125):10.0):9.988699830436277,((O,E):0.5829060893442204)#H7:0.0449729377813761::0.8658444021833988):9.961978587463063);
(C,D,((B,(A,#H7:0.0::0.11718743486337257):10.0):10.0,((O,E):0.468504710673929)#H7:0.13482820785981894::0.8828125651366274):9.909919198520198);
(C,D,((B,(A,#H7:0.0::0.1511542639383855):10.0):10.0,((O,E):0.46504356355623194)#H7:0.2550668661544012::0.8488457360616145):9.97287442391765);
(((O,(E,#H7:::0.19558839208203896):0.3135243164215907):0.6640664514648749,(B,(A)#H7:::0.8044116079179611):10.0):10.0,C,D);
(E,(O,((D,C):9.932243142414118,((A,B):0.7493504367804144)#H7:1.331829076044156::0.8330795130108796):0.7340864405537864):6.781383887343575,#H7:0.0::0.16692048698912043);
(D,C,((O,(E)#H7:::0.7181931299869297):1.1070630443653242,((A,B):0.48203049522991215,#H7:::0.28180687001307025):1.4649652615878772):10.0);
(C,D,((B,(A,#H7:0.0::0.1341627386478353):10.0):10.0,((O,E):0.583090406185628)#H7:0.044590891042569955::0.8658372613521648):9.999993325952085);
(C,D,((B,(A)#H7:::0.8044116111566435):10.0,(O,(E,#H7:::0.19558838884335655):0.3135242885110219):0.6640664151068564):10.0);
((D,C):9.84717967499181,(B,(A,#H7:0.0::0.1511110961266464):10.0):10.0,((O,E):0.46566821900769817)#H7:0.0026245166139281764::0.8488889038733536);
(D,C,((B,(A)#H7:::0.8044116100568192):10.0,(O,(E,#H7:::0.19558838994318084):0.3135238838874375):0.664066323224167):10.0);
(D,C,((O,(E,#H7:0.13335213183106956::0.234821671482812):5.0618371696268785):0.941302735356526,((B,A):0.8530487403638968)#H7:8.666542817250052::0.765178328517188):9.987373910219889);
((C,D):10.0,((B,A):0.7304500768590576,#H7:::0.4021080085238761):1.2234254426958329,(O,(E)#H7:::0.5978919914761238):1.9685438861985707);
(D,C,((B,(A)#H7:::0.7617640368527635):10.0,((O,#H7:::0.23823596314723652):0.18795323511409373,E):0.5381548125076079):10.0);
(C,D,((O,(E,#H7:::0.1955884077759933):0.31352401644418537):0.6640664135398032,(B,(A)#H7:::0.8044115922240067):10.0):10.0);
(C,D,((B,(A,#H7:0.0::0.15115420414107697):10.0):10.0,((O,E):0.4650415515372562)#H7:0.25506701399407505::0.8488457958589231):9.847694427161125);
(D,C,((O,(E,#H7:::0.19558839126040634):0.31352433394343593):0.6640664308569804,(B,(A)#H7:::0.8044116087395936):10.0):10.0);
(D,((B,(A,#H7:0.0::0.1675692564170113):1.2136437446611428):9.896650055044885,((O,E):0.46194048923448355)#H7:0.1529943637068513::0.8324307435829887):9.834944122917381,C);
(C,D,((B,(A)#H9:::0.79020152601114):10.0,(O,(E,#H9:::0.20979847398885995):1.1761675487346626):0.7730461289415069):10.0);
(C,D,(((A,#H7:0.0::0.13416262039349006):10.0,B):10.0,((O,E):0.5830967435455383)#H7:0.04458045907767828::0.86583737960651):9.869793129910137);
(C,D,((O,(E,#H7:0.0::0.20953431964558786):3.0995330453893786):1.000674325544878,((B,A):0.8520018507741483)#H7:1.3893861605440414::0.7904656803544121):9.988549674143021);
(C,D,((B,(A,#H7:0.0::0.15115430194154264):10.0):10.0,((O,E):0.4650451691346974)#H7:0.25506274046581884::0.8488456980584573):9.99954212528844);
(C,D,((B,(A,#H7:0.0::0.11718734196473335):10.0):10.0,((O,E):0.46850475327611696)#H7:0.13482814254362344::0.8828126580352667):9.999999074934715);
(C,D,(((O,E):0.5830960797898145)#H7:0.04458208742040545::0.8658372264322444,(B,(A,#H7:0.0::0.1341627735677556):10.0):10.0):9.882690089749653);
(C,D,((B,(A,#H7:0.0::0.13416246745527352):10.0):10.0,((O,E):0.5830895408090304)#H7:0.0445926434637898::0.8658375325447265):9.880186829782836);
(C,D,((B,(A)#H7:::0.8044116078537964):10.0,(O,(E,#H7:::0.19558839214620366):0.3135243069601881):0.6640664356944485):10.0);
(C,D,(((A,(B)#H7:::0.8636409086366929):10.0,(E,O):0.3715655386806172):10.0,#H7:::0.13635909136330718):8.053354724622574);
(C,D,((B,(A,#H7:0.0::0.13406755269912377):10.0):10.0,((E,O):0.36644131188922646)#H7:0.32077428798424595::0.8659324473008763):9.937376645123631);
(C,D,((B,(A,#H7:::0.1889424477026188):0.5628757071862271):2.0304319953420893,(O,(E)#H7:::0.8110575522973812):0.7047228687348902):10.0);
(C,D,((B,(A,#H7:0.0::0.1511542318360146):10.0):10.0,((O,E):0.46504576985732504)#H7:0.2550622337558699::0.8488457681639854):9.997562973958468);
(C,D,(((O,E):0.5343840607512291)#H7:0.0::0.8670199187941983,(B,(A,#H7:0.0::0.13298008120580174):10.0):10.0):9.865968868413901);
(C,D,((O,(E,#H7:::0.19558839435006736):0.31352413804757445):0.6640664251542547,(B,(A)#H7:::0.8044116056499326):10.0):10.0);
(C,D,((O,(E,#H7:::0.19558839247155368):0.31352431122410984):0.664066434953675,(B,(A)#H7:::0.8044116075284463):10.0):10.0);
(C,D,(((E,#H7:::0.19558839159222377):0.3135243347812405,O):0.6640664350695882,(B,(A)#H7:::0.8044116084077763):10.0):10.0);
(C,D,((O,(E)#H7:::0.7181925452316203):1.1070651219069176,((A,B):0.48203274320792816,#H7:::0.28180745476837965):1.4649633950281848):10.0);
(C,D,((O,(E,#H7:::0.19558838379861246):0.31352484091019284):0.6640663700788761,(B,(A)#H7:::0.8044116162013876):10.0):10.0);
(C,D,((O,(E,#H7:0.14058512566998274::0.23335184811216048):9.409387759083):0.9383077238258151,((A,B):0.8503263030700275)#H7:6.051081597693156::0.7666481518878395):9.990842664228794);
(C,D,((B,(A)#H7:::0.8044116074192188):10.0,(O,(E,#H7:::0.19558839258078117):0.31352437074354134):0.6640664412336827):10.0);
(C,D,((B,(A)#H7:::0.8044115827712203):10.0,(O,(E,#H7:::0.1955884172287797):0.3135232289353376):0.6640661010772118):10.0);
(C,D,((B,(A,#H7:0.0::0.11718734334525986):10.0):10.0,((O,E):0.46850284006504506)#H7:0.1348311641875659::0.8828126566547402):9.87792225382094);
(C,D,((B,(A,#H7:0.0::0.13297976613770618):10.0):10.0,((O,E):0.5343837395678875)#H7:0.0::0.8670202338622939):9.868211076535882);
(C,D,((B,(A,#H7:0.0::0.134162333195769):10.0):10.0,((O,E):0.5830884253403075)#H7:0.044592792495524475::0.865837666804231):9.872949233479575);
(C,D,((O,(E)#H7:::0.7181926032343305):1.1070639124653643,((B,A):0.482032083433577,#H7:::0.28180739676566946):1.4649619729255592):10.0);
(C,D,((B,(A,#H7:0.0::0.13406741263105032):10.0):10.0,((O,E):0.36644501943706387)#H7:0.3207657482275593::0.8659325873689496):9.999511171860279);
(C,D,((B,(A,#H7:0.0::0.15112695616740066):10.0):9.998353066011395,((O,E):0.46544374180031683)#H7:0.12077547692260805::0.8488730438325993):9.890015681211091);
(C,D,((B,(A,#H7:::0.19977943415418306):0.2488288806254244):2.159609608598549,(O,(E)#H7:::0.8002205658458169):0.9265712154066109):3.0599070511570243);
(C,D,((O,(E,#H7:0.0::0.20073283364107858):10.0):0.9745562665468471,((B,A):0.6139843229799435)#H7:10.0::0.7992671663589215):9.984050303063723);
(C,D,((B,(A,#H7:0.0::0.15115425215487888):10.0):10.0,((E,O):0.46504406876024246)#H7:0.25506419434222327::0.8488457478451211):9.87205348371995);
(C,D,((O,(E,#H7:::0.1845549929401468):1.7678209630626083):0.7447135084770502,(B,(A)#H7:::0.8154450070598532):10.0):10.0);
(D,C,((O,(E)#H7:::0.7181928230530086):1.1070636427623974,((B,A):0.4820322123457603,#H7:::0.2818071769469914):1.4649634999468808):10.0);
(D,C,((O,(E)#H7:::0.718192965965228):1.1070637658433597,((A,B):0.48203160864296085,#H7:::0.281807034034772):1.4649643801956547):10.0);
(C,D,((B,(A,#H7:0.0::0.13416267536658122):10.0):10.0,((O,E):0.583092881938582)#H7:0.0445871934870257::0.8658373246334188):9.998345938292625);
(C,D,((B,(A,#H7:0.0::0.13406728472743762):10.0):10.0,((O,E):0.36644426064357233)#H7:0.32076530179858936::0.8659327152725624):9.967520195546259);
(C,D,((O,(E,#H7:::0.19558839532828878):0.3135242602766149):0.6640664422599571,(B,(A)#H7:::0.8044116046717112):10.0):10.0);
(C,D,((O,(E,#H7:::0.1942002228875086):0.3149606561939673):0.6716635821447843,(B,(A)#H7:::0.8057997771124914):10.0):3.1085227284244215);
(C,D,(((O,E):0.33342970856858706)#H7:0.27490904929272025::0.8824820212453731,(B,(#H7:0.0::0.11751797875462688,A):8.13764106109905):2.866863536876749):9.97289963718264);
(C,D,((O,(E,#H7:::0.16508761868855204):1.6308101609508339):0.730391324918484,(B,(A)#H7:::0.834912381311448):10.0):10.0);
(C,D,((B,(A,#H7:0.0::0.1511953671413606):10.0):9.998333156872203,((O,E):0.4661171341250832)#H7:0.2533263305244876::0.8488046328586394):9.986237366345678);
(C,D,((B,(A,#H7:0.0::0.11858531934389191):4.6286993364265605):2.884678671044414,((O,E):0.33766418172147805)#H7:0.2701472337502917::0.8814146806561081):9.955568735530822);
(C,D,((B,(A,#H7:0.0::0.15112705596597545):10.0):10.0,((O,E):0.4654443211987999)#H7:0.12077399825773304::0.8488729440340246):9.99152501370758);
(C,D,(((O,E):0.4650442338864693)#H7:0.255063845030042::0.8488457530512488,(B,(A,#H7:0.0::0.1511542469487512):10.0):10.0):9.94850664006651);
(C,D,((B,(A,#H7:0.0::0.15111241543842693):10.0):10.0,((O,E):0.46567574417927904)#H7:0.0026122798977595923::0.8488875845615731):9.836829587073813);
(C,D,((O,(E,#H7:0.0::0.200732841873748):10.0):0.9745565181459647,((A,B):0.6139842430992303)#H7:10.0::0.799267158126252):9.910846273878983);
(C,D,((B,(A,#H7:::0.25001888963222807):0.6229824394994538):2.0893619515446287,(O,(E)#H7:::0.7499811103677719):0.9025301046957056):10.0);
(C,D,((B,(A)#H7:::0.8044116078302216):10.0,(O,(E,#H7:::0.19558839216977839):0.31352432262467406):0.6640664414054268):10.0);
(C,D,((B,(A,#H7:0.0::0.13297976947467927):10.0):10.0,((O,E):0.5343837039322803)#H7:0.0::0.8670202305253207):9.97645333438959);
(C,D,(((O,E):0.5830526512424845)#H7:0.04465057905932189::0.8658384697466008,(B,(#H7:0.0::0.13416153025339922,A):10.0):10.0):9.99149447133872);
(C,D,((O,(E,#H7:::0.19558839508419165):0.3135242563314496):0.6640664408937432,(B,(A)#H7:::0.8044116049158083):10.0):10.0);
(C,D,((B,(A,#H7:0.0::0.13406750671246734):10.0):10.0,((O,E):0.3664467168484901)#H7:0.32076337073865135::0.8659324932875326):9.877452054361305);
(C,D,((B,(A)#H7:::0.8044116086968263):10.0,(O,(#H7:::0.1955883913031737,E):0.3135244934011642):0.6640664786115202):10.0);
(C,D,((B,(A,#H9:0.0::0.15115250786824871):10.0):9.982486862358755,((O,E):0.4650408525140116)#H9:0.2550603760620874::0.8488474921317513):9.933579969978949);
(D,C,(((A,(B)#H7:::0.8464720209044769):10.0,(O,E):0.40121211524787154):10.0,#H7:::0.15352797909552304):9.243899538681974);
(C,((O,(E,#H7:::0.19558838969086373):0.313524456984185):0.6640664304037742,(B,(A)#H7:::0.8044116103091363):9.999999999999998):10.0,D);
(C,D,((B,(A,#H7:0.0::0.13416279973123874):10.0):10.0,((O,E):0.5830970027623557)#H7:0.04458040474940073::0.8658372002687613):9.859389049799022);
((B,((D,C):9.998293269554932,((O,E):0.4650450347000087)#H7:0.2550631011169392::0.8488457454435167):10.0):10.0,A,#H7:0.0::0.15115425455648338);
(C,D,((O,(E,#H7:::0.1955883897527049):0.3135244326643673):0.6640664266674219,(B,(A)#H7:::0.8044116102472951):10.0):10.0);
(C,D,((B,(A,#H7:0.0::0.13416268062912812):10.0):10.0,((O,E):0.5830612416587746)#H7:0.044633021750371794::0.8658373193708719):9.964997467765448);
(C,D,((O,(E,#H7:8.788850443231865::0.3172200231539885):1.3330362944059353):1.4152878628519385,((B,A):0.8951666500547869)#H7:9.999368288617557::0.6827799768460114):9.755665820033132);
(C,((B,(A,#H7:0.0::0.11752214122295564):7.976441445894574):2.8669812430132713,((O,E):0.3333958799481794)#H7:0.2749700238163984::0.8824778587770443):9.999989709512052,D);
(D,C,((O,(E)#H7:::0.785428043723932):1.066179357385685,((A,#H7:::0.21457195627606798):0.7271837838790415,B):1.8834232574566363):10.0);
(((B,(A)#H7:::0.8154450056029091):10.0,(O,(E,#H7:::0.18455499439709086):1.7678210063313078):0.7447135193145014):10.0,C,D);
(C,D,((B,(A,#H7:0.0::0.11757539879686588):7.145648955176491):2.867966052176756,((O,E):0.3335576887041395)#H7:0.2748270242237591::0.8824246012031342):9.99508012259847);
(D,C,((O,(E)#H7:::0.7683956850808571):1.0343221414276265,(B,(#H7:::0.23160431491914288,A):0.2165495184051004):1.7070669574138668):10.0);
(C,D,((B,(#H7:0.0::0.1340537935248692,A):10.0):10.0,((O,E):0.3666351088234092)#H7:0.1957655582725551::0.8659462064751308):9.99998356749523);
(C,D,((O,(E,#H7:0.0::0.16717632248073983):9.723451812954236):0.7291842268539358,((B,A):0.44790238633320234)#H7:10.0::0.8328236775192601):10.0);
(C,D,((B,(A)#H7:::0.8044116112662316):10.0,((E,#H7:::0.19558838873376833):0.3135243235750905,O):0.6640664528630428):10.0);
(C,D,((O,(E,#H7:::0.19558842613119162):0.31352444339152713):0.6640664795731094,(B,(A)#H7:::0.8044115738688083):10.0):10.0);
(C,D,((B,(A,#H7:0.0::0.13416281725947196):10.0):10.0,((O,E):0.5830966830477248)#H7:0.04458143337802764::0.865837182740528):9.996908811975388);
(C,D,((O,(E,#H7:0.13505001537956496::0.2347598663664569):5.101598826556241):0.9411561984908896,((B,A):0.8526759579446712)#H7:9.635445985422477::0.765240133633543):9.986243392503871);
(C,D,((B,(A,#H7:0.0::0.13416255666818308):10.0):10.0,((O,E):0.5830869433055834)#H7:0.04459570701654978::0.8658374433318169):9.956681619696353);
(C,D,(((O,E):0.46850394609748747)#H7:0.13482863722320987::0.8828126224785788,(B,(A,#H7:0.0::0.11718737752142115):10.0):10.0):9.991800420171193);
(C,D,((O,(E)#H7:::0.7386833867678969):1.0536818106650097,((A,B):0.17308136493936416,#H7:::0.2613166132321031):1.7672640238265143):10.0);
((D,C):10.0,(O,(E,#H7:::0.19558842732752724):0.313524406128918):0.6640666222028861,(B,(A)#H7:::0.8044115726724728):10.0);
(C,D,((B,(A,#H7:0.0::0.1511265519320929):10.0):10.0,((O,E):0.4654393960818361)#H7:0.1207821903812405::0.8488734480679071):9.905218666161169);
(C,D,((B,(A)#H7:::0.8044116097751598):10.0,(O,(E,#H7:::0.1955883902248402):0.3135243578173061):0.6640664281120963):10.0);
(C,D,(((E,#H7:::0.16972583795735827):1.0141622466298166,O):0.637571795993754,(B,(A)#H7:::0.8302741620426417):10.0):10.0);
(C,D,((B,(A)#H7:::0.8140813408679294):10.0,(O,(E,#H7:::0.18591865913207065):0.9621522173588949):0.7222748543266707):10.0);
